<?xml version="1.0" encoding="UTF-8"?>
<!-- Generated by org.testng.reporters.JUnitXMLReporter -->
<testsuite ignored="0" hostname="badabeeddcc303980334cfcbfcbfdaaone-0" failures="1" tests="1" name="Surefire test" time="4.865" errors="0" timestamp="2023-08-11T09:39:05 UTC">
  <testcase classname="testcases.Testcase1" name="Register" time="0.0">
    <failure type="org.testng.TestNGException" message="
Data Provider public void testcases.Testcase1.beforeMethod() throws java.net.MalformedURLException returned a null value">
      <![CDATA[org.testng.TestNGException: 
Data Provider public void testcases.Testcase1.beforeMethod() throws java.net.MalformedURLException returned a null value
at java.base/java.util.ArrayList.forEach(ArrayList.java:1541)
... Removed 29 stack frames]]>
    </failure>
  </testcase> <!-- Register -->
</testsuite> <!-- Surefire test -->
