<?xml version="1.0" encoding="UTF-8"?>
<testng-results ignored="0" total="1" passed="1" failed="0" skipped="0">
  <reporter-output>
  </reporter-output>
  <suite started-at="2023-08-11T10:00:54 UTC" name="Surefire suite" finished-at="2023-08-11T10:01:05 UTC" duration-ms="10729">
    <groups>
    </groups>
    <test started-at="2023-08-11T10:00:54 UTC" name="Surefire test" finished-at="2023-08-11T10:01:05 UTC" duration-ms="10729">
      <class name="testcases.Testcase1">
        <test-method is-config="true" signature="beforeMethod()[pri:0, instance:testcases.Testcase1@cd3fee8]" started-at="2023-08-11T10:00:57 UTC" name="beforeMethod" finished-at="2023-08-11T10:01:04 UTC" duration-ms="6971" status="PASS">
          <reporter-output>
          </reporter-output>
        </test-method> <!-- beforeMethod -->
        <test-method signature="Register(java.lang.String)[pri:1, instance:testcases.Testcase1@cd3fee8]" started-at="2023-08-11T10:01:04 UTC" name="Register" data-provider="testData" finished-at="2023-08-11T10:01:05 UTC" duration-ms="987" status="PASS">
          <params>
            <param index="0">
              <value>
                <![CDATA[]]>
              </value>
            </param>
          </params>
          <reporter-output>
          </reporter-output>
        </test-method> <!-- Register -->
        <test-method is-config="true" signature="afterMethod()[pri:0, instance:testcases.Testcase1@cd3fee8]" started-at="2023-08-11T10:01:05 UTC" name="afterMethod" finished-at="2023-08-11T10:01:05 UTC" duration-ms="142" status="PASS">
          <reporter-output>
          </reporter-output>
        </test-method> <!-- afterMethod -->
      </class> <!-- testcases.Testcase1 -->
    </test> <!-- Surefire test -->
  </suite> <!-- Surefire suite -->
</testng-results>
