-------------------------------------------------------------------------------
Test set: testcases.Testcase1
-------------------------------------------------------------------------------
Tests run: 1, Failures: 1, Errors: 0, Skipped: 0, Time elapsed: 1.466 s <<< FAILURE! - in testcases.Testcase1
Register(testcases.Testcase1)  Time elapsed: 1.107 s  <<< FAILURE!
org.testng.TestNGException: 

Data Provider public java.lang.Object[][] testcases.Testcase1.readTestData() throws java.io.IOException returned a null value

